
=INFO REPORT==== 9-Mar-2015::15:51:00 ===
need wait nodes ['line@127.0.0.1','timer@127.0.0.1','db@127.0.0.1',
                 'guild@127.0.0.1','auth@127.0.0.1','gm@127.0.0.1',
                 'chat1@127.0.0.1','map1@127.0.0.1','map2@127.0.0.1',
                 'gate1@127.0.0.1'] 

=INFO REPORT==== 9-Mar-2015::15:51:00 ===
ping Node 'line@127.0.0.1' 

=INFO REPORT==== 9-Mar-2015::15:51:01 ===
ping Node 'timer@127.0.0.1' 

=INFO REPORT==== 9-Mar-2015::15:51:01 ===
ping Node 'db@127.0.0.1' 

=INFO REPORT==== 9-Mar-2015::15:51:01 ===
ping Node 'guild@127.0.0.1' 

=INFO REPORT==== 9-Mar-2015::15:51:01 ===
ping Node 'auth@127.0.0.1' 

=INFO REPORT==== 9-Mar-2015::15:51:01 ===
ping Node 'gm@127.0.0.1' 

=INFO REPORT==== 9-Mar-2015::15:51:01 ===
ping Node 'chat1@127.0.0.1' 

=INFO REPORT==== 9-Mar-2015::15:51:01 ===
ping Node 'map1@127.0.0.1' 

=INFO REPORT==== 9-Mar-2015::15:51:02 ===
ping Node 'map2@127.0.0.1' 

=INFO REPORT==== 9-Mar-2015::15:51:02 ===
ping Node 'gate1@127.0.0.1' 

=INFO REPORT==== 9-Mar-2015::15:51:03 ===
db_operater_mod start end 

=INFO REPORT==== 9-Mar-2015::15:51:07 ===
query_timer error:{'EXIT',
                      {noproc,{gen_server,call,[timer_center,{query_time}]}}}

=INFO REPORT==== 9-Mar-2015::15:51:08 ===
global_wait finished 

=INFO REPORT==== 9-Mar-2015::15:51:08 ===
query_timer error:{'EXIT',
                      {noproc,{gen_server,call,[timer_center,{query_time}]}}}

=INFO REPORT==== 9-Mar-2015::15:51:09 ===
query_timer error:{'EXIT',
                      {noproc,{gen_server,call,[timer_center,{query_time}]}}}

=INFO REPORT==== 9-Mar-2015::15:51:10 ===
query_timer error:{'EXIT',
                      {noproc,{gen_server,call,[timer_center,{query_time}]}}}

=INFO REPORT==== 9-Mar-2015::15:51:11 ===
query_timer error:{'EXIT',
                      {noproc,{gen_server,call,[timer_center,{query_time}]}}}

=INFO REPORT==== 9-Mar-2015::15:51:12 ===
query_timer error:{'EXIT',
                      {noproc,{gen_server,call,[timer_center,{query_time}]}}}

=INFO REPORT==== 9-Mar-2015::15:51:13 ===
query_timer error:{'EXIT',
                      {noproc,{gen_server,call,[timer_center,{query_time}]}}}

=INFO REPORT==== 9-Mar-2015::15:51:14 ===
query_timer error:{'EXIT',
                      {noproc,{gen_server,call,[timer_center,{query_time}]}}}

=INFO REPORT==== 9-Mar-2015::15:51:15 ===
query_timer error:{'EXIT',
                      {noproc,{gen_server,call,[timer_center,{query_time}]}}}

=INFO REPORT==== 9-Mar-2015::15:51:16 ===
query_timer error:{'EXIT',
                      {noproc,{gen_server,call,[timer_center,{query_time}]}}}

=INFO REPORT==== 9-Mar-2015::15:51:17 ===
query_timer error:{'EXIT',
                      {noproc,{gen_server,call,[timer_center,{query_time}]}}}

=INFO REPORT==== 9-Mar-2015::15:51:18 ===
query_timer error:{'EXIT',
                      {noproc,{gen_server,call,[timer_center,{query_time}]}}}

=INFO REPORT==== 9-Mar-2015::15:51:19 ===
query_timer error:{'EXIT',
                      {noproc,{gen_server,call,[timer_center,{query_time}]}}}

=INFO REPORT==== 9-Mar-2015::15:51:20 ===
query_timer error:{'EXIT',
                      {noproc,{gen_server,call,[timer_center,{query_time}]}}}

=INFO REPORT==== 9-Mar-2015::15:51:21 ===
query_timer error:{'EXIT',
                      {noproc,{gen_server,call,[timer_center,{query_time}]}}}

=INFO REPORT==== 9-Mar-2015::15:51:22 ===
query_timer error:{'EXIT',
                      {noproc,{gen_server,call,[timer_center,{query_time}]}}}

=INFO REPORT==== 9-Mar-2015::15:51:23 ===
query_timer error:{'EXIT',
                      {noproc,{gen_server,call,[timer_center,{query_time}]}}}

=INFO REPORT==== 9-Mar-2015::15:51:24 ===
query_timer error:{'EXIT',
                      {noproc,{gen_server,call,[timer_center,{query_time}]}}}

=INFO REPORT==== 9-Mar-2015::15:51:25 ===
query_timer error:{'EXIT',
                      {noproc,{gen_server,call,[timer_center,{query_time}]}}}

=INFO REPORT==== 9-Mar-2015::15:51:26 ===
query_timer error:{'EXIT',
                      {noproc,{gen_server,call,[timer_center,{query_time}]}}}

=INFO REPORT==== 9-Mar-2015::15:51:27 ===
query_timer error:{'EXIT',
                      {noproc,{gen_server,call,[timer_center,{query_time}]}}}

=INFO REPORT==== 9-Mar-2015::15:51:28 ===
query_timer error:{'EXIT',
                      {noproc,{gen_server,call,[timer_center,{query_time}]}}}

=INFO REPORT==== 9-Mar-2015::15:51:29 ===
query_timer error:{'EXIT',
                      {noproc,{gen_server,call,[timer_center,{query_time}]}}}

=INFO REPORT==== 9-Mar-2015::15:51:30 ===
query_timer error:{'EXIT',
                      {noproc,{gen_server,call,[timer_center,{query_time}]}}}

=INFO REPORT==== 9-Mar-2015::15:51:31 ===
query_timer error:{'EXIT',
                      {noproc,{gen_server,call,[timer_center,{query_time}]}}}

=INFO REPORT==== 9-Mar-2015::15:51:32 ===
query_timer error:{'EXIT',
                      {noproc,{gen_server,call,[timer_center,{query_time}]}}}

=INFO REPORT==== 9-Mar-2015::15:51:33 ===
query_timer error:{'EXIT',
                      {noproc,{gen_server,call,[timer_center,{query_time}]}}}

=INFO REPORT==== 9-Mar-2015::15:51:34 ===
query_timer error:{'EXIT',
                      {noproc,{gen_server,call,[timer_center,{query_time}]}}}

=INFO REPORT==== 9-Mar-2015::15:51:35 ===
query_timer error:{'EXIT',
                      {noproc,{gen_server,call,[timer_center,{query_time}]}}}

=INFO REPORT==== 9-Mar-2015::15:51:36 ===
query_timer error:{'EXIT',
                      {noproc,{gen_server,call,[timer_center,{query_time}]}}}

=INFO REPORT==== 9-Mar-2015::15:51:37 ===
query_timer error:{'EXIT',
                      {noproc,{gen_server,call,[timer_center,{query_time}]}}}

=INFO REPORT==== 9-Mar-2015::15:51:38 ===
query_timer error:{'EXIT',
                      {noproc,{gen_server,call,[timer_center,{query_time}]}}}

=INFO REPORT==== 9-Mar-2015::15:51:39 ===
query_timer error:{'EXIT',
                      {noproc,{gen_server,call,[timer_center,{query_time}]}}}

=INFO REPORT==== 9-Mar-2015::15:51:40 ===
query_timer error:{'EXIT',
                      {noproc,{gen_server,call,[timer_center,{query_time}]}}}

=INFO REPORT==== 9-Mar-2015::15:51:41 ===
query_timer error:{'EXIT',
                      {noproc,{gen_server,call,[timer_center,{query_time}]}}}

=INFO REPORT==== 9-Mar-2015::15:51:42 ===
query_timer error:{'EXIT',
                      {noproc,{gen_server,call,[timer_center,{query_time}]}}}

=INFO REPORT==== 9-Mar-2015::15:51:43 ===
query_timer error:{'EXIT',
                      {noproc,{gen_server,call,[timer_center,{query_time}]}}}

=INFO REPORT==== 9-Mar-2015::15:51:44 ===
query_timer error:{'EXIT',
                      {noproc,{gen_server,call,[timer_center,{query_time}]}}}

=INFO REPORT==== 9-Mar-2015::15:51:45 ===
query_timer error:{'EXIT',
                      {noproc,{gen_server,call,[timer_center,{query_time}]}}}

=INFO REPORT==== 9-Mar-2015::15:51:46 ===
query_timer error:{'EXIT',
                      {noproc,{gen_server,call,[timer_center,{query_time}]}}}

=INFO REPORT==== 9-Mar-2015::15:51:47 ===
query_timer error:{'EXIT',
                      {noproc,{gen_server,call,[timer_center,{query_time}]}}}

=INFO REPORT==== 9-Mar-2015::15:51:48 ===
query_timer error:{'EXIT',
                      {noproc,{gen_server,call,[timer_center,{query_time}]}}}

=INFO REPORT==== 9-Mar-2015::15:51:49 ===
query_timer error:{'EXIT',
                      {noproc,{gen_server,call,[timer_center,{query_time}]}}}

=INFO REPORT==== 9-Mar-2015::15:51:50 ===
query_timer error:{'EXIT',
                      {noproc,{gen_server,call,[timer_center,{query_time}]}}}

=INFO REPORT==== 9-Mar-2015::15:51:51 ===
query_timer error:{'EXIT',
                      {noproc,{gen_server,call,[timer_center,{query_time}]}}}

=INFO REPORT==== 9-Mar-2015::15:51:52 ===
query_timer error:{'EXIT',
                      {noproc,{gen_server,call,[timer_center,{query_time}]}}}

=INFO REPORT==== 9-Mar-2015::15:51:53 ===
query_timer error:{'EXIT',
                      {noproc,{gen_server,call,[timer_center,{query_time}]}}}

=INFO REPORT==== 9-Mar-2015::15:51:54 ===
query_timer error:{'EXIT',
                      {noproc,{gen_server,call,[timer_center,{query_time}]}}}

=INFO REPORT==== 9-Mar-2015::15:51:55 ===
query_timer error:{'EXIT',
                      {noproc,{gen_server,call,[timer_center,{query_time}]}}}

=INFO REPORT==== 9-Mar-2015::15:51:56 ===
query_timer error:{'EXIT',
                      {noproc,{gen_server,call,[timer_center,{query_time}]}}}

=INFO REPORT==== 9-Mar-2015::15:51:57 ===
query_timer error:{'EXIT',
                      {noproc,{gen_server,call,[timer_center,{query_time}]}}}

=INFO REPORT==== 9-Mar-2015::15:51:58 ===
query_timer error:{'EXIT',
                      {noproc,{gen_server,call,[timer_center,{query_time}]}}}

=INFO REPORT==== 9-Mar-2015::15:51:59 ===
query_timer error:{'EXIT',
                      {noproc,{gen_server,call,[timer_center,{query_time}]}}}

=INFO REPORT==== 9-Mar-2015::15:52:00 ===
query_timer error:{'EXIT',
                      {noproc,{gen_server,call,[timer_center,{query_time}]}}}

=INFO REPORT==== 9-Mar-2015::15:52:01 ===
query_timer error:{'EXIT',
                      {noproc,{gen_server,call,[timer_center,{query_time}]}}}

=INFO REPORT==== 9-Mar-2015::15:52:02 ===
query_timer error:{'EXIT',
                      {noproc,{gen_server,call,[timer_center,{query_time}]}}}

=INFO REPORT==== 9-Mar-2015::15:52:03 ===
query_timer error:{'EXIT',
                      {noproc,{gen_server,call,[timer_center,{query_time}]}}}

=INFO REPORT==== 9-Mar-2015::15:52:04 ===
query_timer error:{'EXIT',
                      {noproc,{gen_server,call,[timer_center,{query_time}]}}}

=INFO REPORT==== 9-Mar-2015::15:52:05 ===
query_timer error:{'EXIT',
                      {noproc,{gen_server,call,[timer_center,{query_time}]}}}

=INFO REPORT==== 9-Mar-2015::15:52:06 ===
query_timer error:{'EXIT',
                      {noproc,{gen_server,call,[timer_center,{query_time}]}}}

=INFO REPORT==== 9-Mar-2015::15:52:07 ===
query_timer error:{'EXIT',
                      {noproc,{gen_server,call,[timer_center,{query_time}]}}}

=INFO REPORT==== 9-Mar-2015::15:52:08 ===
query_timer error:{'EXIT',
                      {noproc,{gen_server,call,[timer_center,{query_time}]}}}

=INFO REPORT==== 9-Mar-2015::15:52:09 ===
query_timer error:{'EXIT',
                      {noproc,{gen_server,call,[timer_center,{query_time}]}}}

=INFO REPORT==== 9-Mar-2015::15:52:10 ===
query_timer error:{'EXIT',
                      {noproc,{gen_server,call,[timer_center,{query_time}]}}}

=INFO REPORT==== 9-Mar-2015::15:52:11 ===
query_timer error:{'EXIT',
                      {noproc,{gen_server,call,[timer_center,{query_time}]}}}

=INFO REPORT==== 9-Mar-2015::15:52:12 ===
query_timer error:{'EXIT',
                      {noproc,{gen_server,call,[timer_center,{query_time}]}}}

=INFO REPORT==== 9-Mar-2015::15:52:13 ===
query_timer error:{'EXIT',
                      {noproc,{gen_server,call,[timer_center,{query_time}]}}}

=INFO REPORT==== 9-Mar-2015::15:52:14 ===
query_timer error:{'EXIT',
                      {noproc,{gen_server,call,[timer_center,{query_time}]}}}

=INFO REPORT==== 9-Mar-2015::15:52:15 ===
query_timer error:{'EXIT',
                      {noproc,{gen_server,call,[timer_center,{query_time}]}}}

=INFO REPORT==== 9-Mar-2015::15:52:16 ===
query_timer error:{'EXIT',
                      {noproc,{gen_server,call,[timer_center,{query_time}]}}}

=INFO REPORT==== 9-Mar-2015::15:52:17 ===
query_timer error:{'EXIT',
                      {noproc,{gen_server,call,[timer_center,{query_time}]}}}

=INFO REPORT==== 9-Mar-2015::15:52:18 ===
query_timer error:{'EXIT',
                      {noproc,{gen_server,call,[timer_center,{query_time}]}}}

=INFO REPORT==== 9-Mar-2015::15:52:19 ===
query_timer error:{'EXIT',
                      {noproc,{gen_server,call,[timer_center,{query_time}]}}}

=INFO REPORT==== 9-Mar-2015::15:52:20 ===
query_timer error:{'EXIT',
                      {noproc,{gen_server,call,[timer_center,{query_time}]}}}

=INFO REPORT==== 9-Mar-2015::15:52:21 ===
query_timer error:{'EXIT',
                      {noproc,{gen_server,call,[timer_center,{query_time}]}}}

=INFO REPORT==== 9-Mar-2015::15:52:22 ===
query_timer error:{'EXIT',
                      {noproc,{gen_server,call,[timer_center,{query_time}]}}}

=INFO REPORT==== 9-Mar-2015::15:52:23 ===
query_timer error:{'EXIT',
                      {noproc,{gen_server,call,[timer_center,{query_time}]}}}

=INFO REPORT==== 9-Mar-2015::15:52:24 ===
query_timer error:{'EXIT',
                      {noproc,{gen_server,call,[timer_center,{query_time}]}}}

=INFO REPORT==== 9-Mar-2015::15:52:25 ===
query_timer error:{'EXIT',
                      {noproc,{gen_server,call,[timer_center,{query_time}]}}}

=INFO REPORT==== 9-Mar-2015::15:52:26 ===
query_timer error:{'EXIT',
                      {noproc,{gen_server,call,[timer_center,{query_time}]}}}

=INFO REPORT==== 9-Mar-2015::15:52:27 ===
query_timer error:{'EXIT',
                      {noproc,{gen_server,call,[timer_center,{query_time}]}}}

=INFO REPORT==== 9-Mar-2015::15:52:28 ===
query_timer error:{'EXIT',
                      {noproc,{gen_server,call,[timer_center,{query_time}]}}}

=INFO REPORT==== 9-Mar-2015::15:52:29 ===
query_timer error:{'EXIT',
                      {noproc,{gen_server,call,[timer_center,{query_time}]}}}

=INFO REPORT==== 9-Mar-2015::15:52:30 ===
query_timer error:{'EXIT',
                      {noproc,{gen_server,call,[timer_center,{query_time}]}}}

=INFO REPORT==== 9-Mar-2015::15:52:31 ===
query_timer error:{'EXIT',
                      {noproc,{gen_server,call,[timer_center,{query_time}]}}}

=INFO REPORT==== 9-Mar-2015::15:52:32 ===
query_timer error:{'EXIT',
                      {noproc,{gen_server,call,[timer_center,{query_time}]}}}

=INFO REPORT==== 9-Mar-2015::15:52:33 ===
query_timer error:{'EXIT',
                      {noproc,{gen_server,call,[timer_center,{query_time}]}}}

=INFO REPORT==== 9-Mar-2015::15:52:34 ===
query_timer error:{'EXIT',
                      {noproc,{gen_server,call,[timer_center,{query_time}]}}}

=INFO REPORT==== 9-Mar-2015::15:52:35 ===
query_timer error:{'EXIT',
                      {noproc,{gen_server,call,[timer_center,{query_time}]}}}

=INFO REPORT==== 9-Mar-2015::15:52:36 ===
query_timer error:{'EXIT',
                      {noproc,{gen_server,call,[timer_center,{query_time}]}}}

=INFO REPORT==== 9-Mar-2015::15:52:37 ===
query_timer error:{'EXIT',
                      {noproc,{gen_server,call,[timer_center,{query_time}]}}}

=INFO REPORT==== 9-Mar-2015::15:52:38 ===
query_timer error:{'EXIT',
                      {noproc,{gen_server,call,[timer_center,{query_time}]}}}

=INFO REPORT==== 9-Mar-2015::15:52:39 ===
query_timer error:{'EXIT',
                      {noproc,{gen_server,call,[timer_center,{query_time}]}}}

=INFO REPORT==== 9-Mar-2015::15:52:40 ===
query_timer error:{'EXIT',
                      {noproc,{gen_server,call,[timer_center,{query_time}]}}}

=INFO REPORT==== 9-Mar-2015::15:52:41 ===
query_timer error:{'EXIT',
                      {noproc,{gen_server,call,[timer_center,{query_time}]}}}

=INFO REPORT==== 9-Mar-2015::15:52:42 ===
query_timer error:{'EXIT',
                      {noproc,{gen_server,call,[timer_center,{query_time}]}}}

=INFO REPORT==== 9-Mar-2015::15:52:43 ===
query_timer error:{'EXIT',
                      {noproc,{gen_server,call,[timer_center,{query_time}]}}}

=INFO REPORT==== 9-Mar-2015::15:52:44 ===
query_timer error:{'EXIT',
                      {noproc,{gen_server,call,[timer_center,{query_time}]}}}

=INFO REPORT==== 9-Mar-2015::15:52:45 ===
query_timer error:{'EXIT',
                      {noproc,{gen_server,call,[timer_center,{query_time}]}}}

=INFO REPORT==== 9-Mar-2015::15:52:46 ===
query_timer error:{'EXIT',
                      {noproc,{gen_server,call,[timer_center,{query_time}]}}}

=INFO REPORT==== 9-Mar-2015::15:52:47 ===
query_timer error:{'EXIT',
                      {noproc,{gen_server,call,[timer_center,{query_time}]}}}

=INFO REPORT==== 9-Mar-2015::15:52:48 ===
query_timer error:{'EXIT',
                      {noproc,{gen_server,call,[timer_center,{query_time}]}}}

=INFO REPORT==== 9-Mar-2015::15:52:49 ===
query_timer error:{'EXIT',
                      {noproc,{gen_server,call,[timer_center,{query_time}]}}}

=INFO REPORT==== 9-Mar-2015::15:52:50 ===
query_timer error:{'EXIT',
                      {noproc,{gen_server,call,[timer_center,{query_time}]}}}

=INFO REPORT==== 9-Mar-2015::15:52:51 ===
query_timer error:{'EXIT',
                      {noproc,{gen_server,call,[timer_center,{query_time}]}}}

=INFO REPORT==== 9-Mar-2015::15:52:52 ===
query_timer error:{'EXIT',
                      {noproc,{gen_server,call,[timer_center,{query_time}]}}}

=INFO REPORT==== 9-Mar-2015::15:52:53 ===
query_timer error:{'EXIT',
                      {noproc,{gen_server,call,[timer_center,{query_time}]}}}

=INFO REPORT==== 9-Mar-2015::15:52:54 ===
query_timer error:{'EXIT',
                      {noproc,{gen_server,call,[timer_center,{query_time}]}}}

=INFO REPORT==== 9-Mar-2015::15:52:55 ===
query_timer error:{'EXIT',
                      {noproc,{gen_server,call,[timer_center,{query_time}]}}}

=INFO REPORT==== 9-Mar-2015::15:52:56 ===
query_timer error:{'EXIT',
                      {noproc,{gen_server,call,[timer_center,{query_time}]}}}

=INFO REPORT==== 9-Mar-2015::15:52:57 ===
query_timer error:{'EXIT',
                      {noproc,{gen_server,call,[timer_center,{query_time}]}}}

=INFO REPORT==== 9-Mar-2015::15:52:58 ===
query_timer error:{'EXIT',
                      {noproc,{gen_server,call,[timer_center,{query_time}]}}}

=INFO REPORT==== 9-Mar-2015::15:52:59 ===
query_timer error:{'EXIT',
                      {noproc,{gen_server,call,[timer_center,{query_time}]}}}

=INFO REPORT==== 9-Mar-2015::15:53:00 ===
query_timer error:{'EXIT',
                      {noproc,{gen_server,call,[timer_center,{query_time}]}}}

=INFO REPORT==== 9-Mar-2015::15:53:01 ===
query_timer error:{'EXIT',
                      {noproc,{gen_server,call,[timer_center,{query_time}]}}}

=INFO REPORT==== 9-Mar-2015::15:53:02 ===
query_timer error:{'EXIT',
                      {noproc,{gen_server,call,[timer_center,{query_time}]}}}

=INFO REPORT==== 9-Mar-2015::15:53:03 ===
query_timer error:{'EXIT',
                      {noproc,{gen_server,call,[timer_center,{query_time}]}}}

=INFO REPORT==== 9-Mar-2015::15:53:04 ===
query_timer error:{'EXIT',
                      {noproc,{gen_server,call,[timer_center,{query_time}]}}}

=INFO REPORT==== 9-Mar-2015::15:53:05 ===
query_timer error:{'EXIT',
                      {noproc,{gen_server,call,[timer_center,{query_time}]}}}

=INFO REPORT==== 9-Mar-2015::15:53:06 ===
query_timer error:{'EXIT',
                      {noproc,{gen_server,call,[timer_center,{query_time}]}}}

=INFO REPORT==== 9-Mar-2015::15:53:07 ===
query_timer error:{'EXIT',
                      {noproc,{gen_server,call,[timer_center,{query_time}]}}}

=INFO REPORT==== 9-Mar-2015::15:53:09 ===
wait_for_all_db_tables ERROR {badrpc,
                              {'EXIT',
                               {aborted,{node_not_running,'db@127.0.0.1'}}}} 

=INFO REPORT==== 9-Mar-2015::15:53:10 ===
wait_for_all_db_tables_in_db_node ERROR {error,
                                         {node_not_running,'db@127.0.0.1'}} 
** at node db@127.0.0.1 **

=INFO REPORT==== 9-Mar-2015::15:53:10 ===
wait_for_all_db_tables ERROR error 

=INFO REPORT==== 9-Mar-2015::15:53:11 ===
ets [role_db,login_pb,senswords,item_template_db,blackip,whiteip,
     system_chat_db,autoname_db,map_info_db] are ok now!

=INFO REPORT==== 9-Mar-2015::15:55:18 ===
Game Gate Started at #Port<0.5702> : 8001
